<?xml version="1.0" encoding="UTF-8"?>
<!-- Generated by org.testng.reporters.JUnitReportReporter -->
<testsuite hostname="AH4000735LT" failures="0" tests="9" name="Aaseya.json.ApiToJson_Testng_MultipleJson_ExtentReport" time="10.877" errors="1" timestamp="2024-04-23T11:11:15 IST" skipped="7">
  <testcase classname="Aaseya.json.ApiToJson_Testng_MultipleJson_ExtentReport" name="Test" time="2.604">
    <skipped/>
  </testcase> <!-- Test -->
  <system-out/>
  <testcase classname="Aaseya.json.ApiToJson_Testng_MultipleJson_ExtentReport" name="tearDown" time="0.001">
    <error message="Test name must not be null or empty" type="java.lang.IllegalArgumentException">
      <![CDATA[java.lang.IllegalArgumentException: Test name must not be null or empty
at com.aventstack.extentreports.util.Assert.notEmpty(Assert.java:12)
at com.aventstack.extentreports.ExtentTest.<init>(ExtentTest.java:96)
at com.aventstack.extentreports.ExtentTest.<init>(ExtentTest.java:117)
at com.aventstack.extentreports.ExtentReports.createTest(ExtentReports.java:231)
at com.aventstack.extentreports.ExtentReports.createTest(ExtentReports.java:245)
at Aaseya.json.ApiToJson_Testng_MultipleJson_ExtentReport.tearDown(ApiToJson_Testng_MultipleJson_ExtentReport.java:193)
at java.base/jdk.internal.reflect.DirectMethodHandleAccessor.invoke(DirectMethodHandleAccessor.java:104)
at java.base/java.lang.reflect.Method.invoke(Method.java:578)
at org.testng.internal.MethodInvocationHelper.invokeMethod(MethodInvocationHelper.java:133)
at org.testng.internal.MethodInvocationHelper.invokeMethodConsideringTimeout(MethodInvocationHelper.java:62)
at org.testng.internal.ConfigInvoker.invokeConfigurationMethod(ConfigInvoker.java:385)
at org.testng.internal.ConfigInvoker.invokeConfigurations(ConfigInvoker.java:321)
at org.testng.internal.TestInvoker.runConfigMethods(TestInvoker.java:700)
at org.testng.internal.TestInvoker.runAfterGroupsConfigurations(TestInvoker.java:676)
at org.testng.internal.TestInvoker.invokeMethod(TestInvoker.java:660)
at org.testng.internal.TestInvoker.invokeTestMethod(TestInvoker.java:173)
at org.testng.internal.MethodRunner.runInSequence(MethodRunner.java:46)
at org.testng.internal.TestInvoker$MethodInvocationAgent.invoke(TestInvoker.java:824)
at org.testng.internal.TestInvoker.invokeTestMethods(TestInvoker.java:146)
at org.testng.internal.TestMethodWorker.invokeTestMethods(TestMethodWorker.java:146)
at org.testng.internal.TestMethodWorker.run(TestMethodWorker.java:128)
at java.base/java.util.ArrayList.forEach(ArrayList.java:1511)
at org.testng.TestRunner.privateRun(TestRunner.java:794)
at org.testng.TestRunner.run(TestRunner.java:596)
at org.testng.SuiteRunner.runTest(SuiteRunner.java:377)
at org.testng.SuiteRunner.runSequentially(SuiteRunner.java:371)
at org.testng.SuiteRunner.privateRun(SuiteRunner.java:332)
at org.testng.SuiteRunner.run(SuiteRunner.java:276)
at org.testng.SuiteRunnerWorker.runSuite(SuiteRunnerWorker.java:53)
at org.testng.SuiteRunnerWorker.run(SuiteRunnerWorker.java:96)
at org.testng.TestNG.runSuitesSequentially(TestNG.java:1212)
at org.testng.TestNG.runSuitesLocally(TestNG.java:1134)
at org.testng.TestNG.runSuites(TestNG.java:1063)
at org.testng.TestNG.run(TestNG.java:1031)
at org.testng.remote.AbstractRemoteTestNG.run(AbstractRemoteTestNG.java:115)
at org.testng.remote.RemoteTestNG.initAndRun(RemoteTestNG.java:251)
at org.testng.remote.RemoteTestNG.main(RemoteTestNG.java:77)
]]>
    </error>
  </testcase> <!-- tearDown -->
  <system-out/>
  <testcase classname="Aaseya.json.ApiToJson_Testng_MultipleJson_ExtentReport" name="Test1" time="0.000">
    <skipped/>
  </testcase> <!-- Test1 -->
  <system-out/>
  <testcase classname="Aaseya.json.ApiToJson_Testng_MultipleJson_ExtentReport" name="Test" time="0.000">
    <skipped/>
  </testcase> <!-- Test -->
  <system-out/>
  <testcase classname="Aaseya.json.ApiToJson_Testng_MultipleJson_ExtentReport" name="Test1" time="0.000">
    <skipped/>
  </testcase> <!-- Test1 -->
  <system-out/>
  <testcase classname="Aaseya.json.ApiToJson_Testng_MultipleJson_ExtentReport" name="Test" time="8.272"/>
  <system-out/>
  <testcase classname="Aaseya.json.ApiToJson_Testng_MultipleJson_ExtentReport" name="Test" time="0.000">
    <skipped/>
  </testcase> <!-- Test -->
  <system-out/>
  <testcase classname="Aaseya.json.ApiToJson_Testng_MultipleJson_ExtentReport" name="Test" time="0.000">
    <skipped/>
  </testcase> <!-- Test -->
  <system-out/>
  <testcase classname="Aaseya.json.ApiToJson_Testng_MultipleJson_ExtentReport" name="Test1" time="0.000">
    <skipped/>
  </testcase> <!-- Test1 -->
  <system-out/>
</testsuite> <!-- Aaseya.json.ApiToJson_Testng_MultipleJson_ExtentReport -->
