<?xml version="1.0" encoding="UTF-8"?>
<!-- Generated by org.testng.reporters.JUnitReportReporter -->
<testsuite hostname="AH4000735LT" failures="0" tests="1" name="Aaseya.json.OAuth" time="8.115" errors="0" timestamp="2024-05-16T14:45:21 IST" skipped="0">
  <testcase classname="Aaseya.json.OAuth" name="OAuthTest" time="8.115"/>
  <system-out/>
</testsuite> <!-- Aaseya.json.OAuth -->
