<?xml version="1.0" encoding="UTF-8"?>
<!-- Generated by org.testng.reporters.JUnitReportReporter -->
<testsuite hostname="AH4000735LT" failures="0" tests="8" name="ApiToJson_Testng2_MultipleJson_Token" time="111.701" errors="0" timestamp="2024-05-03T13:48:03 IST" skipped="0">
  <testcase classname="ApiToJson_Testng2_MultipleJson_Token" name="Test" time="31.413"/>
  <system-out/>
  <testcase classname="ApiToJson_Testng2_MultipleJson_Token" name="Test" time="14.305"/>
  <system-out/>
  <testcase classname="ApiToJson_Testng2_MultipleJson_Token" name="Test" time="13.187"/>
  <system-out/>
  <testcase classname="ApiToJson_Testng2_MultipleJson_Token" name="Test1" time="8.558"/>
  <system-out/>
  <testcase classname="ApiToJson_Testng2_MultipleJson_Token" name="Test1" time="8.299"/>
  <system-out/>
  <testcase classname="ApiToJson_Testng2_MultipleJson_Token" name="Test" time="15.279"/>
  <system-out/>
  <testcase classname="ApiToJson_Testng2_MultipleJson_Token" name="Test1" time="9.173"/>
  <system-out/>
  <testcase classname="ApiToJson_Testng2_MultipleJson_Token" name="Test" time="11.487"/>
  <system-out/>
</testsuite> <!-- ApiToJson_Testng2_MultipleJson_Token -->
