<?xml version="1.0" encoding="UTF-8"?>
<!-- Generated by org.testng.reporters.JUnitReportReporter -->
<testsuite hostname="AH4000735LT" failures="0" tests="3" name="Aaseya.json.OAuth2" time="37.283" errors="0" timestamp="2024-05-15T15:09:08 IST" skipped="0">
  <testcase classname="Aaseya.json.OAuth2" name="Test1" time="10.176"/>
  <system-out/>
  <testcase classname="Aaseya.json.OAuth2" name="Test1" time="16.463"/>
  <system-out/>
  <testcase classname="Aaseya.json.OAuth2" name="Test1" time="10.644"/>
  <system-out/>
</testsuite> <!-- Aaseya.json.OAuth2 -->
